
> my-project@1.0.0 build:production
> npm run build:dev && npm run pack-gltf "C:\\Program Files (x86)\\KTX-Software\\bin"


> my-project@1.0.0 build:dev
> tsc && vite build && npm run copy-files

[36mvite v3.2.5 [32mbuilding for production...[36m[39m
transforming...
[32m✓[39m 307 modules transformed.
rendering chunks...
[90m[37m[2mdist/[22m[90m[39m[32massets/favicon.8d99ceea.ico  [39m [2m14.73 KiB[22m
[90m[37m[2mdist/[22m[90m[39m[32mindex.html                   [39m [2m1.19 KiB[22m
[90m[37m[2mdist/[22m[90m[39m[35massets/index.23972a81.css    [39m [2m1.42 KiB / gzip: 0.65 KiB[22m
[90m[37m[2mdist/[22m[90m[39m[36massets/index.6d1eaec9.js     [39m [33m4212.05 KiB / gzip: 1316.91 KiB[39m

> my-project@1.0.0 copy-files
> copy-files-from-to

Reading copy instructions from file package.json

Starting copy operation in "default" mode:
 ✓ Copied [binary] assets/Package.glb to dist/assets/Package.glb
 ✓ Copied [binary] assets/sceneRoot.glb to dist/assets/sceneRoot.glb
 ✓ Copied [ utf8 ] node_modules/@needle-tools/engine/include/console/ConsoleReroute.js to dist/include/console/ConsoleReroute.js
 ✓ Copied [ utf8 ] node_modules/@needle-tools/engine/include/draco/draco_decoder.js to dist/include/draco/draco_decoder.js
 ✓ Copied [binary] node_modules/@needle-tools/engine/include/draco/draco_decoder.wasm to dist/include/draco/draco_decoder.wasm
 ✓ Copied [ utf8 ] node_modules/@needle-tools/engine/include/ktx2/basis_transcoder.js to dist/include/ktx2/basis_transcoder.js
 ✓ Copied [binary] node_modules/@needle-tools/engine/include/ktx2/basis_transcoder.wasm to dist/include/ktx2/basis_transcoder.wasm
 ✓ Already exists include/console/ConsoleReroute.js
 ✓ Already exists include/draco/draco_decoder.js
 ✓ Already exists include/draco/draco_decoder.wasm
 ✓ Already exists include/ktx2/basis_transcoder.js
 ✓ Already exists include/ktx2/basis_transcoder.wasm
 ✓ Already exists include/three/ARButton.js
 ✓ Already exists include/three/DragControls.js
 ✓ Already exists include/three/EXT_mesh_gpu_instancing_exporter.js
 ✓ Already exists include/three/VRButton.js
 ✓ Already exists include/three-mesh-ui-assets/backspace.png
 ✓ Already exists include/three-mesh-ui-assets/enter.png
 ✓ Already exists include/three-mesh-ui-assets/shift.png
 ✓ Already exists dist/include/console/ConsoleReroute.js
 ✓ Already exists dist/include/draco/draco_decoder.js
 ✓ Already exists dist/include/draco/draco_decoder.wasm
 ✓ Already exists dist/include/ktx2/basis_transcoder.js
 ✓ Already exists dist/include/ktx2/basis_transcoder.wasm
 ✓ Copied [ utf8 ] node_modules/@needle-tools/engine/include/three/ARButton.js to dist/include/three/ARButton.js
 ✓ Copied [ utf8 ] node_modules/@needle-tools/engine/include/three/DragControls.js to dist/include/three/DragControls.js
 ✓ Copied [ utf8 ] node_modules/@needle-tools/engine/include/three/EXT_mesh_gpu_instancing_exporter.js to dist/include/three/EXT_mesh_gpu_instancing_exporter.js
 ✓ Copied [ utf8 ] node_modules/@needle-tools/engine/include/three/VRButton.js to dist/include/three/VRButton.js
 ✓ Copied [binary] node_modules/@needle-tools/engine/include/three-mesh-ui-assets/backspace.png to dist/include/three-mesh-ui-assets/backspace.png
 ✓ Copied [binary] node_modules/@needle-tools/engine/include/three-mesh-ui-assets/enter.png to dist/include/three-mesh-ui-assets/enter.png
 ✓ Copied [binary] node_modules/@needle-tools/engine/include/three-mesh-ui-assets/shift.png to dist/include/three-mesh-ui-assets/shift.png
 ✓ Already exists dist/include/three/ARButton.js
 ✓ Already exists dist/include/three/DragControls.js
 ✓ Already exists dist/include/three/EXT_mesh_gpu_instancing_exporter.js
 ✓ Already exists dist/include/three/VRButton.js
 ✓ Already exists dist/include/three-mesh-ui-assets/backspace.png
 ✓ Already exists dist/include/three-mesh-ui-assets/enter.png
 ✓ Already exists dist/include/three-mesh-ui-assets/shift.png

> my-project@1.0.0 pack-gltf
> npm run pack-gltf --prefix node_modules/@needle-tools/engine "C:\\\\Program Files (x86)\\\\KTX-Software\\\\bin"


> @needle-tools/engine@2.45.0-pre pack-gltf
> node node_modules/@needle-tools/gltf-transform-extensions/index.mjs "C:\\\\\\\\Program Files (x86)\\\\\\\\KTX-Software\\\\\\\\bin"

Failed parsing commandline args
You can define a toktx search path by adding --toktxPath <path> to the command line. The command may appear multiple times
Debug false
Prefix basepath: C:\Users\hapke\Desktop\unity\Sustained\Needle\Packaging
GLB files in C:\Users\hapke\Desktop\unity\Sustained\Needle\Packaging\dist\assets: [
  'C:/Users/hapke/Desktop/unity/Sustained/Needle/Packaging/dist/assets/Package.glb',
  'C:/Users/hapke/Desktop/unity/Sustained/Needle/Packaging/dist/assets/sceneRoot.glb'
]
now packing: C:/Users/hapke/Desktop/unity/Sustained/Needle/Packaging/dist/assets/Package.glb
READ NEEDLE_gameobject_data
READ NEEDLE_components
READ NEEDLE_lightmaps
READ NEEDLE_lighting_settings
READ EXT_texture_exr
toktx: Found KTX-Software v4.1.0-rc3.
toktx:texture(1/4): Slots → [baseColorTexture]
toktx:texture(2/4): Slots → []
toktx:texture(3/4): Slots → []
toktx:texture(4/4): Slots → []
toktx:texture(1/4): Spawning → toktx --genmipmap --bcmp --threads 9 C:\Users\hapke\AppData\Local\Temp/gltf-transform/2nnwz6_0.ktx2 C:\Users\hapke\AppData\Local\Temp/gltf-transform/2nnwz6_0.jpg
toktx:texture(1/4): 8.3 KB → 3.44 KB bytes
[KHR_draco_mesh_compression] Compression options: {"method":1,"encodeSpeed":5,"decodeSpeed":5,"quantizationBits":{"POSITION":14,"NORMAL":10,"COLOR":8,"TEX_COORD":12,"GENERIC":12},"quantizationVolume":"mesh"}
[KHR_draco_mesh_compression] Compressed 1 primitives.
WRITE NEEDLE_gameobject_data
WRITE NEEDLE_components
WRITE NEEDLE_lightmaps
WRITE NEEDLE_lighting_settings
WRITE EXT_texture_exr
packing done C:/Users/hapke/Desktop/unity/Sustained/Needle/Packaging/dist/assets/Package.glb
now packing: C:/Users/hapke/Desktop/unity/Sustained/Needle/Packaging/dist/assets/sceneRoot.glb
READ KHR_animation_pointer
READ NEEDLE_techniques_webgl
READ NEEDLE_gameobject_data
READ NEEDLE_components
READ NEEDLE_persistent_assets
READ NEEDLE_lightmaps
READ NEEDLE_lighting_settings
READ EXT_texture_exr
toktx: Found KTX-Software v4.1.0-rc3.
toktx:texture(1/16): Slots → [normalTexture]
toktx:texture(2/16): Slots → [baseColorTexture]
toktx:texture(3/16): Slots → [baseColorTexture]
toktx:texture(4/16): Slots → [baseColorTexture]
toktx:texture(5/16): Slots → [baseColorTexture]
toktx:texture(6/16): Slots → [baseColorTexture]
toktx:texture(7/16): Slots → [baseColorTexture]
toktx:texture(8/16): Slots → [metallicRoughnessTexture]
toktx:texture(9/16): Slots → []
toktx:texture(10/16): Slots → []
toktx:texture(11/16): Slots → []
toktx:texture(12/16): Slots → []
toktx:texture(13/16): Slots → []
toktx:texture(14/16): Slots → []
toktx:texture(15/16): Slots → [baseColorTexture]
toktx:texture(16/16): Slots → [baseColorTexture]
toktx:texture(1/16): Spawning → toktx --genmipmap --bcmp --normal_mode --input_swizzle rgb1 --assign_oetf linear --assign_primaries none --threads 2.25 C:\Users\hapke\AppData\Local\Temp/gltf-transform/y9QPa8_0.ktx2 C:\Users\hapke\AppData\Local\Temp/gltf-transform/y9QPa8_0.jpg
toktx:texture(2/16): Spawning → toktx --genmipmap --bcmp --resize 4x4 --threads 2.25 C:\Users\hapke\AppData\Local\Temp/gltf-transform/y9QPa8_1.ktx2 C:\Users\hapke\AppData\Local\Temp/gltf-transform/y9QPa8_1.png
toktx:texture(4/16): Spawning → toktx --genmipmap --bcmp --threads 2.25 C:\Users\hapke\AppData\Local\Temp/gltf-transform/y9QPa8_3.ktx2 C:\Users\hapke\AppData\Local\Temp/gltf-transform/y9QPa8_3.png
toktx:texture(5/16): Spawning → toktx --genmipmap --bcmp --threads 2.25 C:\Users\hapke\AppData\Local\Temp/gltf-transform/y9QPa8_4.ktx2 C:\Users\hapke\AppData\Local\Temp/gltf-transform/y9QPa8_4.png
toktx:texture(6/16): Spawning → toktx --genmipmap --bcmp --threads 2.25 C:\Users\hapke\AppData\Local\Temp/gltf-transform/y9QPa8_5.ktx2 C:\Users\hapke\AppData\Local\Temp/gltf-transform/y9QPa8_5.png
toktx:texture(7/16): Spawning → toktx --genmipmap --bcmp --threads 2.25 C:\Users\hapke\AppData\Local\Temp/gltf-transform/y9QPa8_6.ktx2 C:\Users\hapke\AppData\Local\Temp/gltf-transform/y9QPa8_6.png
toktx:texture(9/16): Spawning → toktx --genmipmap --bcmp --threads 2.25 C:\Users\hapke\AppData\Local\Temp/gltf-transform/y9QPa8_8.ktx2 C:\Users\hapke\AppData\Local\Temp/gltf-transform/y9QPa8_8.png
toktx:texture(8/16): Spawning → toktx --genmipmap --bcmp --assign_oetf linear --assign_primaries none --threads 2.25 C:\Users\hapke\AppData\Local\Temp/gltf-transform/y9QPa8_7.ktx2 C:\Users\hapke\AppData\Local\Temp/gltf-transform/y9QPa8_7.jpg
toktx:texture(10/16): Spawning → toktx --genmipmap --bcmp --threads 2.25 C:\Users\hapke\AppData\Local\Temp/gltf-transform/y9QPa8_9.ktx2 C:\Users\hapke\AppData\Local\Temp/gltf-transform/y9QPa8_9.png
toktx:texture(11/16): Spawning → toktx --genmipmap --bcmp --threads 2.25 C:\Users\hapke\AppData\Local\Temp/gltf-transform/y9QPa8_10.ktx2 C:\Users\hapke\AppData\Local\Temp/gltf-transform/y9QPa8_10.png
toktx:texture(15/16): Spawning → toktx --genmipmap --bcmp --threads 2.25 C:\Users\hapke\AppData\Local\Temp/gltf-transform/y9QPa8_14.ktx2 C:\Users\hapke\AppData\Local\Temp/gltf-transform/y9QPa8_14.png
toktx:texture(16/16): Spawning → toktx --genmipmap --bcmp --threads 2.25 C:\Users\hapke\AppData\Local\Temp/gltf-transform/y9QPa8_15.ktx2 C:\Users\hapke\AppData\Local\Temp/gltf-transform/y9QPa8_15.png
toktx:texture(3/16): Spawning → toktx --genmipmap --bcmp --threads 2.25 C:\Users\hapke\AppData\Local\Temp/gltf-transform/y9QPa8_2.ktx2 C:\Users\hapke\AppData\Local\Temp/gltf-transform/y9QPa8_2.jpg
toktx:texture(2/16): 76 Bytes → 521 Bytes bytes
toktx:texture(6/16): 2.84 KB → 1.72 KB bytes
toktx:texture(9/16): 608 Bytes → 1.14 KB bytes
toktx:texture(11/16): 80 Bytes → 483 Bytes bytes
toktx:texture(10/16): 2.84 KB → 1.72 KB bytes
toktx:texture(1/16): 31.92 KB → 4.51 KB bytes
toktx:texture(15/16): 632 Bytes → 1.07 KB bytes
toktx:texture(16/16): 4.72 KB → 2.11 KB bytes
toktx:texture(4/16): 34.4 KB → 10.1 KB bytes
toktx:texture(8/16): 41.42 KB → 9.16 KB bytes
toktx:texture(5/16): 26.17 KB → 8.74 KB bytes
toktx:texture(7/16): 51.43 KB → 14.31 KB bytes
toktx:texture(3/16): 1.25 MB → 169.9 KB bytes
[KHR_draco_mesh_compression] Compression options: {"method":1,"encodeSpeed":5,"decodeSpeed":5,"quantizationBits":{"POSITION":14,"NORMAL":10,"COLOR":8,"TEX_COORD":12,"GENERIC":12},"quantizationVolume":"mesh"}
[KHR_draco_mesh_compression] Compressed 23 primitives.
WRITE KHR_animation_pointer
WRITE NEEDLE_techniques_webgl
WRITE NEEDLE_gameobject_data
WRITE NEEDLE_components
WRITE NEEDLE_persistent_assets
WRITE NEEDLE_lightmaps
WRITE NEEDLE_lighting_settings
WRITE EXT_texture_exr
packing done C:/Users/hapke/Desktop/unity/Sustained/Needle/Packaging/dist/assets/sceneRoot.glb
